{"C:\\Users\\91977\\Desktop\\pin\\server\\app.js": {"path":"C:\\Users\\91977\\Desktop\\pin\\server\\app.js","statementMap":{"0":{"start":{"line":1,"column":16},"end":{"line":1,"column":34}},"1":{"start":{"line":2,"column":13},"end":{"line":2,"column":28}},"2":{"start":{"line":3,"column":15},"end":{"line":3,"column":32}},"3":{"start":{"line":4,"column":0},"end":{"line":4,"column":16}},"4":{"start":{"line":6,"column":12},"end":{"line":6,"column":21}},"5":{"start":{"line":7,"column":0},"end":{"line":7,"column":16}},"6":{"start":{"line":8,"column":0},"end":{"line":8,"column":24}},"7":{"start":{"line":9,"column":22},"end":{"line":9,"column":55}},"8":{"start":{"line":10,"column":20},"end":{"line":10,"column":51}},"9":{"start":{"line":11,"column":20},"end":{"line":11,"column":51}},"10":{"start":{"line":12,"column":20},"end":{"line":12,"column":51}},"11":{"start":{"line":13,"column":0},"end":{"line":13,"column":40}},"12":{"start":{"line":14,"column":0},"end":{"line":14,"column":36}},"13":{"start":{"line":15,"column":0},"end":{"line":15,"column":37}},"14":{"start":{"line":16,"column":0},"end":{"line":16,"column":35}},"15":{"start":{"line":18,"column":0},"end":{"line":18,"column":21}}},"fnMap":{},"branchMap":{},"s":{"0":4,"1":4,"2":4,"3":4,"4":4,"5":4,"6":4,"7":4,"8":4,"9":4,"10":4,"11":4,"12":4,"13":4,"14":4,"15":4},"f":{},"b":{},"_coverageSchema":"1a1c01bbd47fc00a2c39e90264f33305004495a9","hash":"7f32df3726fb34a4633b0c4404b4eb62379019a0"}
,"C:\\Users\\91977\\Desktop\\pin\\server\\controllers\\limitController.js": {"path":"C:\\Users\\91977\\Desktop\\pin\\server\\controllers\\limitController.js","statementMap":{"0":{"start":{"line":1,"column":14},"end":{"line":1,"column":40}},"1":{"start":{"line":4,"column":0},"end":{"line":20,"column":2}},"2":{"start":{"line":5,"column":2},"end":{"line":19,"column":3}},"3":{"start":{"line":6,"column":41},"end":{"line":6,"column":49}},"4":{"start":{"line":7,"column":4},"end":{"line":9,"column":5}},"5":{"start":{"line":8,"column":6},"end":{"line":8,"column":90}},"6":{"start":{"line":11,"column":20},"end":{"line":15,"column":5}},"7":{"start":{"line":16,"column":4},"end":{"line":16,"column":34}},"8":{"start":{"line":18,"column":4},"end":{"line":18,"column":74}}},"fnMap":{"0":{"name":"(anonymous_0)","decl":{"start":{"line":4,"column":19},"end":{"line":4,"column":20}},"loc":{"start":{"line":4,"column":39},"end":{"line":20,"column":1}},"line":4}},"branchMap":{"0":{"loc":{"start":{"line":7,"column":4},"end":{"line":9,"column":5}},"type":"if","locations":[{"start":{"line":7,"column":4},"end":{"line":9,"column":5}},{"start":{},"end":{}}],"line":7},"1":{"loc":{"start":{"line":7,"column":8},"end":{"line":7,"column":39}},"type":"binary-expr","locations":[{"start":{"line":7,"column":8},"end":{"line":7,"column":18}},{"start":{"line":7,"column":22},"end":{"line":7,"column":28}},{"start":{"line":7,"column":32},"end":{"line":7,"column":39}}],"line":7}},"s":{"0":4,"1":4,"2":2,"3":2,"4":2,"5":1,"6":1,"7":1,"8":0},"f":{"0":2},"b":{"0":[1,1],"1":[2,1,1]},"_coverageSchema":"1a1c01bbd47fc00a2c39e90264f33305004495a9","hash":"65dfc26ff8113e5456b0d1c176a9107ade28c451"}
,"C:\\Users\\91977\\Desktop\\pin\\server\\controllers\\projectController.js": {"path":"C:\\Users\\91977\\Desktop\\pin\\server\\controllers\\projectController.js","statementMap":{"0":{"start":{"line":1,"column":16},"end":{"line":1,"column":44}},"1":{"start":{"line":2,"column":33},"end":{"line":2,"column":65}},"2":{"start":{"line":5,"column":0},"end":{"line":19,"column":2}},"3":{"start":{"line":6,"column":2},"end":{"line":18,"column":3}},"4":{"start":{"line":7,"column":28},"end":{"line":7,"column":36}},"5":{"start":{"line":8,"column":4},"end":{"line":8,"column":88}},"6":{"start":{"line":8,"column":22},"end":{"line":8,"column":88}},"7":{"start":{"line":10,"column":22},"end":{"line":10,"column":46}},"8":{"start":{"line":11,"column":19},"end":{"line":11,"column":43}},"9":{"start":{"line":13,"column":20},"end":{"line":13,"column":67}},"10":{"start":{"line":14,"column":4},"end":{"line":14,"column":25}},"11":{"start":{"line":15,"column":4},"end":{"line":15,"column":48}},"12":{"start":{"line":17,"column":4},"end":{"line":17,"column":74}},"13":{"start":{"line":22,"column":0},"end":{"line":32,"column":2}},"14":{"start":{"line":23,"column":2},"end":{"line":31,"column":3}},"15":{"start":{"line":24,"column":19},"end":{"line":24,"column":29}},"16":{"start":{"line":25,"column":20},"end":{"line":25,"column":69}},"17":{"start":{"line":26,"column":4},"end":{"line":26,"column":78}},"18":{"start":{"line":26,"column":18},"end":{"line":26,"column":78}},"19":{"start":{"line":28,"column":4},"end":{"line":28,"column":45}},"20":{"start":{"line":30,"column":4},"end":{"line":30,"column":74}}},"fnMap":{"0":{"name":"(anonymous_0)","decl":{"start":{"line":5,"column":24},"end":{"line":5,"column":25}},"loc":{"start":{"line":5,"column":44},"end":{"line":19,"column":1}},"line":5},"1":{"name":"(anonymous_1)","decl":{"start":{"line":22,"column":24},"end":{"line":22,"column":25}},"loc":{"start":{"line":22,"column":44},"end":{"line":32,"column":1}},"line":22}},"branchMap":{"0":{"loc":{"start":{"line":8,"column":4},"end":{"line":8,"column":88}},"type":"if","locations":[{"start":{"line":8,"column":4},"end":{"line":8,"column":88}},{"start":{},"end":{}}],"line":8},"1":{"loc":{"start":{"line":26,"column":4},"end":{"line":26,"column":78}},"type":"if","locations":[{"start":{"line":26,"column":4},"end":{"line":26,"column":78}},{"start":{},"end":{}}],"line":26}},"s":{"0":4,"1":4,"2":4,"3":2,"4":2,"5":2,"6":1,"7":1,"8":1,"9":1,"10":1,"11":1,"12":0,"13":4,"14":0,"15":0,"16":0,"17":0,"18":0,"19":0,"20":0},"f":{"0":2,"1":0},"b":{"0":[1,1],"1":[0,0]},"_coverageSchema":"1a1c01bbd47fc00a2c39e90264f33305004495a9","hash":"66c01b4129ce28a8638dbffe76b51acd18b5d095"}
,"C:\\Users\\91977\\Desktop\\pin\\server\\controllers\\trackController.js": {"path":"C:\\Users\\91977\\Desktop\\pin\\server\\controllers\\trackController.js","statementMap":{"0":{"start":{"line":1,"column":14},"end":{"line":1,"column":40}},"1":{"start":{"line":2,"column":14},"end":{"line":2,"column":40}},"2":{"start":{"line":5,"column":0},"end":{"line":10,"column":2}},"3":{"start":{"line":6,"column":2},"end":{"line":6,"column":44}},"4":{"start":{"line":6,"column":27},"end":{"line":6,"column":44}},"5":{"start":{"line":7,"column":2},"end":{"line":7,"column":47}},"6":{"start":{"line":7,"column":25},"end":{"line":7,"column":47}},"7":{"start":{"line":8,"column":2},"end":{"line":8,"column":51}},"8":{"start":{"line":8,"column":24},"end":{"line":8,"column":51}},"9":{"start":{"line":9,"column":2},"end":{"line":9,"column":19}},"10":{"start":{"line":12,"column":0},"end":{"line":44,"column":2}},"11":{"start":{"line":13,"column":2},"end":{"line":43,"column":3}},"12":{"start":{"line":14,"column":22},"end":{"line":14,"column":35}},"13":{"start":{"line":15,"column":21},"end":{"line":15,"column":55}},"14":{"start":{"line":16,"column":4},"end":{"line":16,"column":96}},"15":{"start":{"line":16,"column":19},"end":{"line":16,"column":96}},"16":{"start":{"line":17,"column":30},"end":{"line":17,"column":38}},"17":{"start":{"line":18,"column":16},"end":{"line":18,"column":26}},"18":{"start":{"line":19,"column":21},"end":{"line":19,"column":33}},"19":{"start":{"line":20,"column":24},"end":{"line":20,"column":48}},"20":{"start":{"line":22,"column":18},"end":{"line":25,"column":6}},"21":{"start":{"line":26,"column":23},"end":{"line":26,"column":65}},"22":{"start":{"line":26,"column":48},"end":{"line":26,"column":61}},"23":{"start":{"line":27,"column":18},"end":{"line":27,"column":36}},"24":{"start":{"line":28,"column":20},"end":{"line":28,"column":51}},"25":{"start":{"line":29,"column":18},"end":{"line":29,"column":19}},"26":{"start":{"line":30,"column":4},"end":{"line":35,"column":5}},"27":{"start":{"line":31,"column":20},"end":{"line":31,"column":38}},"28":{"start":{"line":32,"column":6},"end":{"line":32,"column":41}},"29":{"start":{"line":34,"column":6},"end":{"line":34,"column":25}},"30":{"start":{"line":36,"column":4},"end":{"line":39,"column":5}},"31":{"start":{"line":38,"column":6},"end":{"line":38,"column":66}},"32":{"start":{"line":40,"column":4},"end":{"line":40,"column":46}},"33":{"start":{"line":42,"column":4},"end":{"line":42,"column":74}}},"fnMap":{"0":{"name":"(anonymous_0)","decl":{"start":{"line":5,"column":7},"end":{"line":5,"column":8}},"loc":{"start":{"line":5,"column":19},"end":{"line":10,"column":1}},"line":5},"1":{"name":"(anonymous_1)","decl":{"start":{"line":12,"column":16},"end":{"line":12,"column":17}},"loc":{"start":{"line":12,"column":36},"end":{"line":44,"column":1}},"line":12},"2":{"name":"(anonymous_2)","decl":{"start":{"line":26,"column":36},"end":{"line":26,"column":37}},"loc":{"start":{"line":26,"column":48},"end":{"line":26,"column":61}},"line":26}},"branchMap":{"0":{"loc":{"start":{"line":6,"column":2},"end":{"line":6,"column":44}},"type":"if","locations":[{"start":{"line":6,"column":2},"end":{"line":6,"column":44}},{"start":{},"end":{}}],"line":6},"1":{"loc":{"start":{"line":7,"column":2},"end":{"line":7,"column":47}},"type":"if","locations":[{"start":{"line":7,"column":2},"end":{"line":7,"column":47}},{"start":{},"end":{}}],"line":7},"2":{"loc":{"start":{"line":8,"column":2},"end":{"line":8,"column":51}},"type":"if","locations":[{"start":{"line":8,"column":2},"end":{"line":8,"column":51}},{"start":{},"end":{}}],"line":8},"3":{"loc":{"start":{"line":16,"column":4},"end":{"line":16,"column":96}},"type":"if","locations":[{"start":{"line":16,"column":4},"end":{"line":16,"column":96}},{"start":{},"end":{}}],"line":16},"4":{"loc":{"start":{"line":30,"column":4},"end":{"line":35,"column":5}},"type":"if","locations":[{"start":{"line":30,"column":4},"end":{"line":35,"column":5}},{"start":{"line":33,"column":11},"end":{"line":35,"column":5}}],"line":30},"5":{"loc":{"start":{"line":36,"column":4},"end":{"line":39,"column":5}},"type":"if","locations":[{"start":{"line":36,"column":4},"end":{"line":39,"column":5}},{"start":{},"end":{}}],"line":36}},"s":{"0":4,"1":4,"2":4,"3":0,"4":0,"5":0,"6":0,"7":0,"8":0,"9":0,"10":4,"11":5,"12":5,"13":5,"14":5,"15":1,"16":4,"17":4,"18":4,"19":4,"20":4,"21":4,"22":2,"23":4,"24":4,"25":4,"26":4,"27":2,"28":2,"29":2,"30":4,"31":3,"32":4,"33":0},"f":{"0":0,"1":5,"2":2},"b":{"0":[0,0],"1":[0,0],"2":[0,0],"3":[1,4],"4":[2,2],"5":[3,1]},"_coverageSchema":"1a1c01bbd47fc00a2c39e90264f33305004495a9","hash":"503fe1181fd601c3b58ca822cb701aed28e62284"}
,"C:\\Users\\91977\\Desktop\\pin\\server\\controllers\\usageController.js": {"path":"C:\\Users\\91977\\Desktop\\pin\\server\\controllers\\usageController.js","statementMap":{"0":{"start":{"line":1,"column":14},"end":{"line":1,"column":40}},"1":{"start":{"line":2,"column":14},"end":{"line":2,"column":40}},"2":{"start":{"line":5,"column":0},"end":{"line":10,"column":2}},"3":{"start":{"line":6,"column":2},"end":{"line":6,"column":44}},"4":{"start":{"line":6,"column":27},"end":{"line":6,"column":44}},"5":{"start":{"line":7,"column":2},"end":{"line":7,"column":47}},"6":{"start":{"line":7,"column":25},"end":{"line":7,"column":47}},"7":{"start":{"line":8,"column":2},"end":{"line":8,"column":51}},"8":{"start":{"line":8,"column":24},"end":{"line":8,"column":51}},"9":{"start":{"line":9,"column":2},"end":{"line":9,"column":19}},"10":{"start":{"line":12,"column":0},"end":{"line":38,"column":2}},"11":{"start":{"line":13,"column":2},"end":{"line":37,"column":3}},"12":{"start":{"line":14,"column":26},"end":{"line":14,"column":36}},"13":{"start":{"line":15,"column":21},"end":{"line":15,"column":55}},"14":{"start":{"line":16,"column":4},"end":{"line":16,"column":96}},"15":{"start":{"line":16,"column":19},"end":{"line":16,"column":96}},"16":{"start":{"line":17,"column":30},"end":{"line":17,"column":38}},"17":{"start":{"line":18,"column":16},"end":{"line":18,"column":26}},"18":{"start":{"line":19,"column":21},"end":{"line":19,"column":33}},"19":{"start":{"line":20,"column":24},"end":{"line":20,"column":48}},"20":{"start":{"line":21,"column":18},"end":{"line":24,"column":6}},"21":{"start":{"line":25,"column":23},"end":{"line":25,"column":65}},"22":{"start":{"line":25,"column":48},"end":{"line":25,"column":61}},"23":{"start":{"line":26,"column":20},"end":{"line":26,"column":51}},"24":{"start":{"line":27,"column":18},"end":{"line":27,"column":19}},"25":{"start":{"line":28,"column":4},"end":{"line":33,"column":5}},"26":{"start":{"line":29,"column":20},"end":{"line":29,"column":38}},"27":{"start":{"line":30,"column":6},"end":{"line":30,"column":41}},"28":{"start":{"line":32,"column":6},"end":{"line":32,"column":25}},"29":{"start":{"line":34,"column":4},"end":{"line":34,"column":55}},"30":{"start":{"line":36,"column":4},"end":{"line":36,"column":74}}},"fnMap":{"0":{"name":"(anonymous_0)","decl":{"start":{"line":5,"column":7},"end":{"line":5,"column":8}},"loc":{"start":{"line":5,"column":19},"end":{"line":10,"column":1}},"line":5},"1":{"name":"(anonymous_1)","decl":{"start":{"line":12,"column":19},"end":{"line":12,"column":20}},"loc":{"start":{"line":12,"column":39},"end":{"line":38,"column":1}},"line":12},"2":{"name":"(anonymous_2)","decl":{"start":{"line":25,"column":36},"end":{"line":25,"column":37}},"loc":{"start":{"line":25,"column":48},"end":{"line":25,"column":61}},"line":25}},"branchMap":{"0":{"loc":{"start":{"line":6,"column":2},"end":{"line":6,"column":44}},"type":"if","locations":[{"start":{"line":6,"column":2},"end":{"line":6,"column":44}},{"start":{},"end":{}}],"line":6},"1":{"loc":{"start":{"line":7,"column":2},"end":{"line":7,"column":47}},"type":"if","locations":[{"start":{"line":7,"column":2},"end":{"line":7,"column":47}},{"start":{},"end":{}}],"line":7},"2":{"loc":{"start":{"line":8,"column":2},"end":{"line":8,"column":51}},"type":"if","locations":[{"start":{"line":8,"column":2},"end":{"line":8,"column":51}},{"start":{},"end":{}}],"line":8},"3":{"loc":{"start":{"line":16,"column":4},"end":{"line":16,"column":96}},"type":"if","locations":[{"start":{"line":16,"column":4},"end":{"line":16,"column":96}},{"start":{},"end":{}}],"line":16},"4":{"loc":{"start":{"line":28,"column":4},"end":{"line":33,"column":5}},"type":"if","locations":[{"start":{"line":28,"column":4},"end":{"line":33,"column":5}},{"start":{"line":31,"column":11},"end":{"line":33,"column":5}}],"line":28}},"s":{"0":4,"1":4,"2":4,"3":5,"4":0,"5":5,"6":5,"7":0,"8":0,"9":0,"10":4,"11":2,"12":2,"13":2,"14":2,"15":1,"16":1,"17":1,"18":1,"19":1,"20":1,"21":1,"22":1,"23":1,"24":1,"25":1,"26":1,"27":1,"28":0,"29":1,"30":0},"f":{"0":5,"1":2,"2":1},"b":{"0":[0,5],"1":[5,0],"2":[0,0],"3":[1,1],"4":[1,0]},"_coverageSchema":"1a1c01bbd47fc00a2c39e90264f33305004495a9","hash":"f1df10db5a993689407e723bb03b336b63aad198"}
,"C:\\Users\\91977\\Desktop\\pin\\server\\middleware\\auth.js": {"path":"C:\\Users\\91977\\Desktop\\pin\\server\\middleware\\auth.js","statementMap":{"0":{"start":{"line":1,"column":16},"end":{"line":1,"column":44}},"1":{"start":{"line":3,"column":0},"end":{"line":12,"column":2}},"2":{"start":{"line":5,"column":4},"end":{"line":6,"column":28}},"3":{"start":{"line":7,"column":2},"end":{"line":7,"column":74}},"4":{"start":{"line":7,"column":15},"end":{"line":7,"column":74}},"5":{"start":{"line":8,"column":18},"end":{"line":8,"column":51}},"6":{"start":{"line":9,"column":2},"end":{"line":9,"column":74}},"7":{"start":{"line":9,"column":16},"end":{"line":9,"column":74}},"8":{"start":{"line":10,"column":2},"end":{"line":10,"column":36}},"9":{"start":{"line":11,"column":2},"end":{"line":11,"column":9}}},"fnMap":{"0":{"name":"(anonymous_0)","decl":{"start":{"line":3,"column":17},"end":{"line":3,"column":18}},"loc":{"start":{"line":3,"column":49},"end":{"line":12,"column":1}},"line":3}},"branchMap":{"0":{"loc":{"start":{"line":5,"column":4},"end":{"line":6,"column":28}},"type":"binary-expr","locations":[{"start":{"line":5,"column":5},"end":{"line":5,"column":13}},{"start":{"line":5,"column":17},"end":{"line":5,"column":32}},{"start":{"line":6,"column":4},"end":{"line":6,"column":28}}],"line":5},"1":{"loc":{"start":{"line":7,"column":2},"end":{"line":7,"column":74}},"type":"if","locations":[{"start":{"line":7,"column":2},"end":{"line":7,"column":74}},{"start":{},"end":{}}],"line":7},"2":{"loc":{"start":{"line":9,"column":2},"end":{"line":9,"column":74}},"type":"if","locations":[{"start":{"line":9,"column":2},"end":{"line":9,"column":74}},{"start":{},"end":{}}],"line":9}},"s":{"0":4,"1":4,"2":9,"3":9,"4":2,"5":7,"6":7,"7":0,"8":7,"9":7},"f":{"0":9},"b":{"0":[9,6,4],"1":[2,7],"2":[0,7]},"_coverageSchema":"1a1c01bbd47fc00a2c39e90264f33305004495a9","hash":"182765acd65bae977a56741e5082f0c27944ec26"}
,"C:\\Users\\91977\\Desktop\\pin\\server\\models\\Limit.js": {"path":"C:\\Users\\91977\\Desktop\\pin\\server\\models\\Limit.js","statementMap":{"0":{"start":{"line":1,"column":17},"end":{"line":1,"column":36}},"1":{"start":{"line":3,"column":20},"end":{"line":7,"column":2}},"2":{"start":{"line":9,"column":0},"end":{"line":9,"column":54}}},"fnMap":{},"branchMap":{},"s":{"0":4,"1":4,"2":4},"f":{},"b":{},"_coverageSchema":"1a1c01bbd47fc00a2c39e90264f33305004495a9","hash":"a12ab3c51d6337695451505c4c0c8abbcf3c4a60"}
,"C:\\Users\\91977\\Desktop\\pin\\server\\models\\Project.js": {"path":"C:\\Users\\91977\\Desktop\\pin\\server\\models\\Project.js","statementMap":{"0":{"start":{"line":1,"column":17},"end":{"line":1,"column":36}},"1":{"start":{"line":3,"column":22},"end":{"line":8,"column":2}},"2":{"start":{"line":10,"column":0},"end":{"line":10,"column":58}}},"fnMap":{},"branchMap":{},"s":{"0":4,"1":4,"2":4},"f":{},"b":{},"_coverageSchema":"1a1c01bbd47fc00a2c39e90264f33305004495a9","hash":"e0864a51b7834e93fa2fd62377e0970de3183c17"}
,"C:\\Users\\91977\\Desktop\\pin\\server\\models\\Usage.js": {"path":"C:\\Users\\91977\\Desktop\\pin\\server\\models\\Usage.js","statementMap":{"0":{"start":{"line":1,"column":17},"end":{"line":1,"column":36}},"1":{"start":{"line":3,"column":20},"end":{"line":7,"column":2}},"2":{"start":{"line":9,"column":0},"end":{"line":9,"column":54}}},"fnMap":{},"branchMap":{},"s":{"0":4,"1":4,"2":4},"f":{},"b":{},"_coverageSchema":"1a1c01bbd47fc00a2c39e90264f33305004495a9","hash":"3a28a0d2aa191d132d8ecd879b54f07d3b535477"}
,"C:\\Users\\91977\\Desktop\\pin\\server\\routes\\limitRoutes.js": {"path":"C:\\Users\\91977\\Desktop\\pin\\server\\routes\\limitRoutes.js","statementMap":{"0":{"start":{"line":1,"column":16},"end":{"line":1,"column":34}},"1":{"start":{"line":2,"column":15},"end":{"line":2,"column":31}},"2":{"start":{"line":3,"column":24},"end":{"line":3,"column":65}},"3":{"start":{"line":5,"column":0},"end":{"line":5,"column":43}},"4":{"start":{"line":7,"column":0},"end":{"line":7,"column":24}}},"fnMap":{},"branchMap":{},"s":{"0":4,"1":4,"2":4,"3":4,"4":4},"f":{},"b":{},"_coverageSchema":"1a1c01bbd47fc00a2c39e90264f33305004495a9","hash":"f1e9030a294863622ed39a045127ef09c5e1f7a7"}
,"C:\\Users\\91977\\Desktop\\pin\\server\\routes\\projectRoutes.js": {"path":"C:\\Users\\91977\\Desktop\\pin\\server\\routes\\projectRoutes.js","statementMap":{"0":{"start":{"line":1,"column":16},"end":{"line":1,"column":34}},"1":{"start":{"line":2,"column":15},"end":{"line":2,"column":31}},"2":{"start":{"line":3,"column":26},"end":{"line":3,"column":69}},"3":{"start":{"line":4,"column":13},"end":{"line":4,"column":42}},"4":{"start":{"line":6,"column":0},"end":{"line":6,"column":50}},"5":{"start":{"line":7,"column":0},"end":{"line":7,"column":61}},"6":{"start":{"line":9,"column":0},"end":{"line":9,"column":24}}},"fnMap":{},"branchMap":{},"s":{"0":4,"1":4,"2":4,"3":4,"4":4,"5":4,"6":4},"f":{},"b":{},"_coverageSchema":"1a1c01bbd47fc00a2c39e90264f33305004495a9","hash":"d86fac57b801d1796b007e367e085a04fd9f7449"}
,"C:\\Users\\91977\\Desktop\\pin\\server\\routes\\trackRoutes.js": {"path":"C:\\Users\\91977\\Desktop\\pin\\server\\routes\\trackRoutes.js","statementMap":{"0":{"start":{"line":1,"column":16},"end":{"line":1,"column":34}},"1":{"start":{"line":2,"column":15},"end":{"line":2,"column":31}},"2":{"start":{"line":3,"column":24},"end":{"line":3,"column":65}},"3":{"start":{"line":4,"column":13},"end":{"line":4,"column":42}},"4":{"start":{"line":6,"column":0},"end":{"line":6,"column":46}},"5":{"start":{"line":8,"column":0},"end":{"line":8,"column":24}}},"fnMap":{},"branchMap":{},"s":{"0":4,"1":4,"2":4,"3":4,"4":4,"5":4},"f":{},"b":{},"_coverageSchema":"1a1c01bbd47fc00a2c39e90264f33305004495a9","hash":"1b164bd9eef43bfa852eefcdf3ef92f9204c6eaa"}
,"C:\\Users\\91977\\Desktop\\pin\\server\\routes\\usageRoutes.js": {"path":"C:\\Users\\91977\\Desktop\\pin\\server\\routes\\usageRoutes.js","statementMap":{"0":{"start":{"line":1,"column":16},"end":{"line":1,"column":34}},"1":{"start":{"line":2,"column":15},"end":{"line":2,"column":31}},"2":{"start":{"line":3,"column":24},"end":{"line":3,"column":65}},"3":{"start":{"line":4,"column":13},"end":{"line":4,"column":42}},"4":{"start":{"line":6,"column":0},"end":{"line":6,"column":58}},"5":{"start":{"line":8,"column":0},"end":{"line":8,"column":24}}},"fnMap":{},"branchMap":{},"s":{"0":4,"1":4,"2":4,"3":4,"4":4,"5":4},"f":{},"b":{},"_coverageSchema":"1a1c01bbd47fc00a2c39e90264f33305004495a9","hash":"b0a8bc86b49952ef1e70b167667693ccb47cdacc"}
,"C:\\Users\\91977\\Desktop\\pin\\server\\utils\\generateKeys.js": {"path":"C:\\Users\\91977\\Desktop\\pin\\server\\utils\\generateKeys.js","statementMap":{"0":{"start":{"line":1,"column":15},"end":{"line":1,"column":32}},"1":{"start":{"line":4,"column":2},"end":{"line":4,"column":52}},"2":{"start":{"line":7,"column":0},"end":{"line":7,"column":42}}},"fnMap":{"0":{"name":"generateRandomString","decl":{"start":{"line":3,"column":9},"end":{"line":3,"column":29}},"loc":{"start":{"line":3,"column":43},"end":{"line":5,"column":1}},"line":3}},"branchMap":{"0":{"loc":{"start":{"line":3,"column":30},"end":{"line":3,"column":41}},"type":"default-arg","locations":[{"start":{"line":3,"column":39},"end":{"line":3,"column":41}}],"line":3}},"s":{"0":5,"1":19,"2":5},"f":{"0":19},"b":{"0":[0]},"_coverageSchema":"1a1c01bbd47fc00a2c39e90264f33305004495a9","hash":"55837f803d6d60a63aede372818cac68ab822517"}
}
