TN:
SF:app.js
FNF:0
FNH:0
DA:1,4
DA:2,4
DA:3,4
DA:4,4
DA:6,4
DA:7,4
DA:8,4
DA:9,4
DA:10,4
DA:11,4
DA:12,4
DA:13,4
DA:14,4
DA:15,4
DA:16,4
DA:18,4
LF:16
LH:16
BRF:0
BRH:0
end_of_record
TN:
SF:controllers\limitController.js
FN:4,(anonymous_0)
FNF:1
FNH:1
FNDA:2,(anonymous_0)
DA:1,4
DA:4,4
DA:5,2
DA:6,2
DA:7,2
DA:8,1
DA:11,1
DA:16,1
DA:18,0
LF:9
LH:8
BRDA:7,0,0,1
BRDA:7,0,1,1
BRDA:7,1,0,2
BRDA:7,1,1,1
BRDA:7,1,2,1
BRF:5
BRH:5
end_of_record
TN:
SF:controllers\projectController.js
FN:5,(anonymous_0)
FN:22,(anonymous_1)
FNF:2
FNH:1
FNDA:2,(anonymous_0)
FNDA:0,(anonymous_1)
DA:1,4
DA:2,4
DA:5,4
DA:6,2
DA:7,2
DA:8,2
DA:10,1
DA:11,1
DA:13,1
DA:14,1
DA:15,1
DA:17,0
DA:22,4
DA:23,0
DA:24,0
DA:25,0
DA:26,0
DA:28,0
DA:30,0
LF:19
LH:12
BRDA:8,0,0,1
BRDA:8,0,1,1
BRDA:26,1,0,0
BRDA:26,1,1,0
BRF:4
BRH:2
end_of_record
TN:
SF:controllers\trackController.js
FN:5,(anonymous_0)
FN:12,(anonymous_1)
FN:26,(anonymous_2)
FNF:3
FNH:2
FNDA:0,(anonymous_0)
FNDA:5,(anonymous_1)
FNDA:2,(anonymous_2)
DA:1,4
DA:2,4
DA:5,4
DA:6,0
DA:7,0
DA:8,0
DA:9,0
DA:12,4
DA:13,5
DA:14,5
DA:15,5
DA:16,5
DA:17,4
DA:18,4
DA:19,4
DA:20,4
DA:22,4
DA:26,4
DA:27,4
DA:28,4
DA:29,4
DA:30,4
DA:31,2
DA:32,2
DA:34,2
DA:36,4
DA:38,3
DA:40,4
DA:42,0
LF:29
LH:24
BRDA:6,0,0,0
BRDA:6,0,1,0
BRDA:7,1,0,0
BRDA:7,1,1,0
BRDA:8,2,0,0
BRDA:8,2,1,0
BRDA:16,3,0,1
BRDA:16,3,1,4
BRDA:30,4,0,2
BRDA:30,4,1,2
BRDA:36,5,0,3
BRDA:36,5,1,1
BRF:12
BRH:6
end_of_record
TN:
SF:controllers\usageController.js
FN:5,(anonymous_0)
FN:12,(anonymous_1)
FN:25,(anonymous_2)
FNF:3
FNH:3
FNDA:5,(anonymous_0)
FNDA:2,(anonymous_1)
FNDA:1,(anonymous_2)
DA:1,4
DA:2,4
DA:5,4
DA:6,5
DA:7,5
DA:8,0
DA:9,0
DA:12,4
DA:13,2
DA:14,2
DA:15,2
DA:16,2
DA:17,1
DA:18,1
DA:19,1
DA:20,1
DA:21,1
DA:25,1
DA:26,1
DA:27,1
DA:28,1
DA:29,1
DA:30,1
DA:32,0
DA:34,1
DA:36,0
LF:26
LH:22
BRDA:6,0,0,0
BRDA:6,0,1,5
BRDA:7,1,0,5
BRDA:7,1,1,0
BRDA:8,2,0,0
BRDA:8,2,1,0
BRDA:16,3,0,1
BRDA:16,3,1,1
BRDA:28,4,0,1
BRDA:28,4,1,0
BRF:10
BRH:5
end_of_record
TN:
SF:middleware\auth.js
FN:3,(anonymous_0)
FNF:1
FNH:1
FNDA:9,(anonymous_0)
DA:1,4
DA:3,4
DA:5,9
DA:7,9
DA:8,7
DA:9,7
DA:10,7
DA:11,7
LF:8
LH:8
BRDA:5,0,0,9
BRDA:5,0,1,6
BRDA:5,0,2,4
BRDA:7,1,0,2
BRDA:7,1,1,7
BRDA:9,2,0,0
BRDA:9,2,1,7
BRF:7
BRH:6
end_of_record
TN:
SF:models\Limit.js
FNF:0
FNH:0
DA:1,4
DA:3,4
DA:9,4
LF:3
LH:3
BRF:0
BRH:0
end_of_record
TN:
SF:models\Project.js
FNF:0
FNH:0
DA:1,4
DA:3,4
DA:10,4
LF:3
LH:3
BRF:0
BRH:0
end_of_record
TN:
SF:models\Usage.js
FNF:0
FNH:0
DA:1,4
DA:3,4
DA:9,4
LF:3
LH:3
BRF:0
BRH:0
end_of_record
TN:
SF:routes\limitRoutes.js
FNF:0
FNH:0
DA:1,4
DA:2,4
DA:3,4
DA:5,4
DA:7,4
LF:5
LH:5
BRF:0
BRH:0
end_of_record
TN:
SF:routes\projectRoutes.js
FNF:0
FNH:0
DA:1,4
DA:2,4
DA:3,4
DA:4,4
DA:6,4
DA:7,4
DA:9,4
LF:7
LH:7
BRF:0
BRH:0
end_of_record
TN:
SF:routes\trackRoutes.js
FNF:0
FNH:0
DA:1,4
DA:2,4
DA:3,4
DA:4,4
DA:6,4
DA:8,4
LF:6
LH:6
BRF:0
BRH:0
end_of_record
TN:
SF:routes\usageRoutes.js
FNF:0
FNH:0
DA:1,4
DA:2,4
DA:3,4
DA:4,4
DA:6,4
DA:8,4
LF:6
LH:6
BRF:0
BRH:0
end_of_record
TN:
SF:utils\generateKeys.js
FN:3,generateRandomString
FNF:1
FNH:1
FNDA:19,generateRandomString
DA:1,5
DA:4,19
DA:7,5
LF:3
LH:3
BRDA:3,0,0,0
BRF:1
BRH:0
end_of_record
